<?xml version="1.0" encoding="UTF-8"?>
<robot generator="Robot 7.1 (Python 3.12.5 on win32)" generated="2024-09-24T09:03:11.899851" rpa="false" schemaversion="5">
<suite id="s1" name="Test" source="C:\Users\prave\RobotFramework\test.robot">
<test id="s1-t1" name="Search Python.org" line="11">
<kw name="Open Browser To Python.org" type="SETUP">
<kw name="Open Browser" owner="SeleniumLibrary">
<msg time="2024-09-24T09:03:12.241171" level="INFO">Opening browser 'Chrome' to base url 'https://www.python.org'.</msg>
<arg>${URL}</arg>
<arg>${BROWSER}</arg>
<doc>Opens a new browser instance to the optional ``url``.</doc>
<status status="PASS" start="2024-09-24T09:03:12.241171" elapsed="3.514238"/>
</kw>
<kw name="Maximize Browser Window" owner="SeleniumLibrary">
<doc>Maximizes current browser window.</doc>
<status status="PASS" start="2024-09-24T09:03:15.755409" elapsed="0.030586"/>
</kw>
<kw name="Title Should Be" owner="SeleniumLibrary">
<msg time="2024-09-24T09:03:15.795933" level="INFO">Page title is 'Welcome to Python.org'.</msg>
<arg>Welcome to Python.org</arg>
<doc>Verifies that the current page title equals ``title``.</doc>
<status status="PASS" start="2024-09-24T09:03:15.787001" elapsed="0.008932"/>
</kw>
<status status="PASS" start="2024-09-24T09:03:12.241171" elapsed="3.554762"/>
</kw>
<kw name="Input Search Term">
<kw name="Input Text" owner="SeleniumLibrary">
<msg time="2024-09-24T09:03:15.797023" level="INFO">Typing text 'pycon' into text field 'name=q'.</msg>
<arg>name=q</arg>
<arg>${SEARCH_TERM}</arg>
<doc>Types the given ``text`` into the text field identified by ``locator``.</doc>
<status status="PASS" start="2024-09-24T09:03:15.797023" elapsed="0.168680"/>
</kw>
<status status="PASS" start="2024-09-24T09:03:15.795933" elapsed="0.170964"/>
</kw>
<kw name="Submit Search">
<kw name="Click Button" owner="SeleniumLibrary">
<msg time="2024-09-24T09:03:15.966897" level="INFO">Clicking button 'id:submit'.</msg>
<arg>id:submit</arg>
<doc>Clicks the button identified by ``locator``.</doc>
<status status="PASS" start="2024-09-24T09:03:15.966897" elapsed="0.469533"/>
</kw>
<status status="PASS" start="2024-09-24T09:03:15.966897" elapsed="0.469533"/>
</kw>
<kw name="Verify Search Results">
<kw name="Wait Until Page Contains Element" owner="SeleniumLibrary">
<arg>css:#content</arg>
<doc>Waits until the element ``locator`` appears on the current page.</doc>
<status status="PASS" start="2024-09-24T09:03:16.436430" elapsed="0.140013"/>
</kw>
<kw name="Get Text" owner="SeleniumLibrary">
<msg time="2024-09-24T09:03:16.665317" level="INFO">${results_text} = Search Python.org
Results
PSF PyCon Trademark Usage Policy
...PyCon AR", "PyCon Argentina" in Argentina "PyCon AU", "PyCon Australia" in Australia "PyCon BY", "PyCon Belarus" in Belarus "PyCon CA", "P...</msg>
<var>${results_text}</var>
<arg>css:#content</arg>
<doc>Returns the text value of the element identified by ``locator``.</doc>
<status status="PASS" start="2024-09-24T09:03:16.576443" elapsed="0.088874"/>
</kw>
<kw name="Convert To Lower Case" owner="String">
<msg time="2024-09-24T09:03:16.666587" level="INFO">${lower_results_text} = search python.org
results
psf pycon trademark usage policy
...pycon ar", "pycon argentina" in argentina "pycon au", "pycon australia" in australia "pycon by", "pycon belarus" in belarus "pycon ca", "p...</msg>
<var>${lower_results_text}</var>
<arg>${results_text}</arg>
<doc>Converts string to lower case.</doc>
<status status="PASS" start="2024-09-24T09:03:16.665317" elapsed="0.001270"/>
</kw>
<kw name="Convert To Lower Case" owner="String">
<msg time="2024-09-24T09:03:16.666587" level="INFO">${lower_search_term} = pycon</msg>
<var>${lower_search_term}</var>
<arg>${SEARCH_TERM}</arg>
<doc>Converts string to lower case.</doc>
<status status="PASS" start="2024-09-24T09:03:16.666587" elapsed="0.000000"/>
</kw>
<kw name="Should Contain" owner="BuiltIn">
<arg>${lower_results_text}</arg>
<arg>${lower_search_term}</arg>
<doc>Fails if ``container`` does not contain ``item`` one or more times.</doc>
<status status="PASS" start="2024-09-24T09:03:16.666587" elapsed="0.000000"/>
</kw>
<kw name="Page Should Contain Element" owner="SeleniumLibrary">
<msg time="2024-09-24T09:03:16.669453" level="INFO">Current page contains element 'css:.list-recent-events'.</msg>
<arg>css:.list-recent-events</arg>
<doc>Verifies that element ``locator`` is found on the current page.</doc>
<status status="PASS" start="2024-09-24T09:03:16.666587" elapsed="0.002866"/>
</kw>
<status status="PASS" start="2024-09-24T09:03:16.436430" elapsed="0.233023"/>
</kw>
<kw name="Close Browser" owner="SeleniumLibrary" type="TEARDOWN">
<doc>Closes the current browser.</doc>
<status status="PASS" start="2024-09-24T09:03:16.669453" elapsed="2.315069"/>
</kw>
<status status="PASS" start="2024-09-24T09:03:12.241171" elapsed="6.743351"/>
</test>
<status status="PASS" start="2024-09-24T09:03:11.899851" elapsed="7.085833"/>
</suite>
<statistics>
<total>
<stat pass="1" fail="0" skip="0">All Tests</stat>
</total>
<tag>
</tag>
<suite>
<stat pass="1" fail="0" skip="0" id="s1" name="Test">Test</stat>
</suite>
</statistics>
<errors>
</errors>
</robot>
